<?xml version="1.0" encoding="UTF-8"?>
<!-- Generated by org.testng.reporters.JUnitXMLReporter -->
<testsuite ignored="1" hostname="DESKTOP-OHBQ9CF" failures="0" tests="1" name="Default test" time="9.198" errors="0" timestamp="2023-03-26T19:27:10 IST">
  <testcase classname="Test.scenario_03_Test" name="validate_Success_Message" time="5.29"/>
  <testcase classname="Test.scenario_03_Test" name="validate_Error_Message" time="0.0">
    <ignored/>
  </testcase> <!-- validate_Error_Message -->
</testsuite> <!-- Default test -->
